\BOOKMARK [1][-]{section.1}{Introduction}{}% 1
\BOOKMARK [1][-]{section.2}{Background}{}% 2
\BOOKMARK [2][-]{subsection.2.1}{Programming Languages}{section.2}% 3
\BOOKMARK [2][-]{subsection.2.2}{Decorated Python}{section.2}% 4
\BOOKMARK [2][-]{subsection.2.3}{Inline C}{section.2}% 5
\BOOKMARK [1][-]{section.3}{Experimental Methodology}{}% 6
\BOOKMARK [2][-]{subsection.3.1}{Environment}{section.3}% 7
\BOOKMARK [2][-]{subsection.3.2}{Execution}{section.3}% 8
\BOOKMARK [2][-]{subsection.3.3}{Analysis}{section.3}% 9
\BOOKMARK [1][-]{section.4}{Results}{}% 10
\BOOKMARK [2][-]{subsection.4.1}{Algorithm Results}{section.4}% 11
\BOOKMARK [2][-]{subsection.4.2}{Language Results}{section.4}% 12
\BOOKMARK [2][-]{subsection.4.3}{C Versus Python Results}{section.4}% 13
\BOOKMARK [2][-]{subsection.4.4}{Inline C Versus C Results}{section.4}% 14
\BOOKMARK [2][-]{subsection.4.5}{Decorated Python Versus Python Results}{section.4}% 15
\BOOKMARK [2][-]{subsection.4.6}{C Versus Decorated Python Results}{section.4}% 16
\BOOKMARK [2][-]{subsection.4.7}{Content}{section.4}% 17
\BOOKMARK [1][-]{section.5}{Paper Submission Instructions}{}% 18
\BOOKMARK [2][-]{subsection.5.1}{Guidelines for Determining Authorship}{section.5}% 19
\BOOKMARK [2][-]{subsection.5.2}{Declaring Authors}{section.5}% 20
\BOOKMARK [2][-]{subsection.5.3}{Areas and Topics}{section.5}% 21
\BOOKMARK [2][-]{subsection.5.4}{Declaring Conflicts of Interest}{section.5}% 22
\BOOKMARK [2][-]{subsection.5.5}{Concurrent Submissions and Workshops}{section.5}% 23
\BOOKMARK [1][-]{section.6}{Acknowledgements}{}% 24
